[2025-11-23 18:59:19,134: INFO: stage_01_data_ingestion: >>>>>> stage Data Ingestion stage started <<<<<<]
[2025-11-23 18:59:19,140: INFO: common: yaml file: config/config.yaml loaded successfully]
[2025-11-23 18:59:19,143: INFO: common: yaml file: params.yaml loaded successfully]
[2025-11-23 18:59:19,144: INFO: common: created directory at: artifacts]
[2025-11-23 18:59:19,144: INFO: common: created directory at: artifacts/data_ingestion]
[2025-11-23 18:59:19,145: INFO: data_ingestion: Downloading data from https://drive.google.com/file/d/1vlhZ5c7abUKF8xXERIw6m9Te8fW7ohw3/view?usp=sharing into file artifacts/data_ingestion/data.zip]
[2025-11-23 18:59:29,543: INFO: data_ingestion: Downloaded data from https://drive.google.com/file/d/1vlhZ5c7abUKF8xXERIw6m9Te8fW7ohw3/view?usp=sharing into file artifacts/data_ingestion/data.zip]
[2025-11-23 18:59:30,337: INFO: stage_01_data_ingestion: >>>>>> stage Data Ingestion stage completed <<<<<<

x==========x]
[2025-11-23 18:59:35,837: INFO: stage_02_prepare_base_model: *******************]
[2025-11-23 18:59:35,837: INFO: stage_02_prepare_base_model: >>>>>> stage Prepare base model started <<<<<<]
[2025-11-23 18:59:35,842: INFO: common: yaml file: config/config.yaml loaded successfully]
[2025-11-23 18:59:35,845: INFO: common: yaml file: params.yaml loaded successfully]
[2025-11-23 18:59:35,845: INFO: common: created directory at: artifacts]
[2025-11-23 18:59:35,845: INFO: common: created directory at: artifacts/prepare_base_model]
[2025-11-23 18:59:36,452: WARNING: saving_utils: Compiled the loaded model, but the compiled metrics have yet to be built. `model.compile_metrics` will be empty until you train or evaluate the model.]
[2025-11-23 18:59:36,716: INFO: stage_02_prepare_base_model: >>>>>> stage Prepare base model completed <<<<<<

x==========x]
[2025-11-23 18:59:41,633: INFO: stage_03_model_training: *******************]
[2025-11-23 18:59:41,633: INFO: stage_03_model_training: >>>>>> stage Training started <<<<<<]
[2025-11-23 18:59:41,636: INFO: common: yaml file: config/config.yaml loaded successfully]
[2025-11-23 18:59:41,639: INFO: common: yaml file: params.yaml loaded successfully]
[2025-11-23 18:59:41,639: INFO: common: created directory at: artifacts]
[2025-11-23 18:59:41,639: INFO: common: created directory at: artifacts/training]
[2025-11-23 19:01:03,300: INFO: stage_03_model_training: >>>>>> stage Training completed <<<<<<

x==========x]
[2025-11-23 19:01:09,005: INFO: stage_04_model_evaluation: *******************]
[2025-11-23 19:01:09,006: INFO: stage_04_model_evaluation: >>>>>> stage Evaluation stage started <<<<<<]
[2025-11-23 19:01:09,009: INFO: common: yaml file: config/config.yaml loaded successfully]
[2025-11-23 19:01:09,011: INFO: common: yaml file: params.yaml loaded successfully]
[2025-11-23 19:01:09,011: INFO: common: created directory at: artifacts]
[2025-11-23 19:01:35,531: INFO: common: json file saved at: scores.json]
[2025-11-23 19:01:35,531: INFO: common: json file saved at: scores.json]
[2025-11-23 19:01:35,532: INFO: stage_04_model_evaluation: >>>>>> stage Evaluation stage completed <<<<<<

x==========x]
[2025-11-23 19:01:56,604: INFO: _internal: [31m[1mWARNING: This is a development server. Do not use it in a production deployment. Use a production WSGI server instead.[0m
 * Running on all addresses (0.0.0.0)
 * Running on http://127.0.0.1:8080
 * Running on http://192.168.0.107:8080]
[2025-11-23 19:01:56,605: INFO: _internal: [33mPress CTRL+C to quit[0m]
[2025-11-23 19:02:07,215: INFO: _internal: 127.0.0.1 - - [23/Nov/2025 19:02:07] "GET / HTTP/1.1" 200 -]
[2025-11-23 19:02:07,651: INFO: _internal: 127.0.0.1 - - [23/Nov/2025 19:02:07] "GET / HTTP/1.1" 200 -]
[2025-11-23 19:02:38,218: INFO: _internal: 127.0.0.1 - - [23/Nov/2025 19:02:38] "POST /predict HTTP/1.1" 200 -]
[2025-11-23 19:02:53,629: INFO: _internal: 127.0.0.1 - - [23/Nov/2025 19:02:53] "POST /predict HTTP/1.1" 200 -]
[2025-11-23 19:09:36,606: INFO: common: yaml file: config/config.yaml loaded successfully]
[2025-11-23 19:09:36,612: INFO: common: yaml file: params.yaml loaded successfully]
[2025-11-23 19:09:36,613: INFO: common: created directory at: artifacts]
[2025-11-23 19:10:45,010: INFO: common: yaml file: config/config.yaml loaded successfully]
[2025-11-23 19:10:45,015: INFO: common: yaml file: params.yaml loaded successfully]
[2025-11-23 19:10:45,016: INFO: common: created directory at: artifacts]
[2025-11-23 19:10:45,017: INFO: common: created directory at: artifacts/data_ingestion]
[2025-11-23 19:10:45,019: INFO: 3172177572: Downloading data from https://drive.google.com/file/d/1vlhZ5c7abUKF8xXERIw6m9Te8fW7ohw3/view?usp=sharing into file artifacts/data_ingestion/data.zip]
[2025-11-23 19:10:57,132: INFO: 3172177572: Downloaded data from https://drive.google.com/file/d/1vlhZ5c7abUKF8xXERIw6m9Te8fW7ohw3/view?usp=sharing into file artifacts/data_ingestion/data.zip]
[2025-11-23 19:11:31,318: INFO: common: yaml file: config/config.yaml loaded successfully]
[2025-11-23 19:11:31,323: INFO: common: yaml file: params.yaml loaded successfully]
[2025-11-23 19:11:31,324: INFO: common: created directory at: artifacts]
[2025-11-23 19:11:31,325: INFO: common: created directory at: artifacts/prepare_base_model]
[2025-11-23 19:11:31,987: WARNING: saving_utils: Compiled the loaded model, but the compiled metrics have yet to be built. `model.compile_metrics` will be empty until you train or evaluate the model.]
[2025-11-23 19:12:05,392: INFO: common: yaml file: config/config.yaml loaded successfully]
[2025-11-23 19:12:05,397: INFO: common: yaml file: params.yaml loaded successfully]
[2025-11-23 19:12:05,398: INFO: common: created directory at: artifacts]
[2025-11-23 19:12:05,400: INFO: common: created directory at: artifacts/training]
[2025-11-23 19:13:47,544: INFO: common: yaml file: config/config.yaml loaded successfully]
[2025-11-23 19:13:47,551: INFO: common: yaml file: params.yaml loaded successfully]
[2025-11-23 19:13:47,553: INFO: common: created directory at: artifacts]
[2025-11-23 19:14:52,811: INFO: common: yaml file: config/config.yaml loaded successfully]
[2025-11-23 19:14:52,816: INFO: common: yaml file: params.yaml loaded successfully]
[2025-11-23 19:14:52,817: INFO: common: created directory at: artifacts]
[2025-11-23 19:17:56,797: INFO: common: yaml file: config/config.yaml loaded successfully]
[2025-11-23 19:17:56,802: INFO: common: yaml file: params.yaml loaded successfully]
[2025-11-23 19:17:56,804: INFO: common: created directory at: artifacts]
[2025-11-23 19:18:27,264: INFO: common: json file saved at: scores.json]
[2025-11-23 19:18:31,675: INFO: builder_impl: Assets written to: /tmp/tmpb8f2qts7/model/data/model/assets]
[2025-11-23 19:20:03,546: INFO: common: yaml file: config/config.yaml loaded successfully]
[2025-11-23 19:20:03,551: INFO: common: yaml file: params.yaml loaded successfully]
[2025-11-23 19:20:03,553: INFO: common: created directory at: artifacts]
[2025-11-23 19:20:32,092: INFO: common: json file saved at: scores.json]
[2025-11-23 19:20:36,661: INFO: builder_impl: Assets written to: /tmp/tmp51fw4tko/model/data/model/assets]
[2025-11-23 19:22:23,462: INFO: common: yaml file: config/config.yaml loaded successfully]
[2025-11-23 19:22:23,467: INFO: common: yaml file: params.yaml loaded successfully]
[2025-11-23 19:22:23,468: INFO: common: created directory at: artifacts]
[2025-11-23 19:22:52,509: INFO: common: json file saved at: scores.json]
[2025-11-23 19:23:50,030: INFO: common: yaml file: config/config.yaml loaded successfully]
[2025-11-23 19:23:50,035: INFO: common: yaml file: params.yaml loaded successfully]
[2025-11-23 19:23:50,037: INFO: common: created directory at: artifacts]
[2025-11-23 19:24:19,198: INFO: common: json file saved at: scores.json]
[2025-11-23 19:24:44,860: INFO: common: yaml file: config/config.yaml loaded successfully]
[2025-11-23 19:24:44,864: INFO: common: yaml file: params.yaml loaded successfully]
[2025-11-23 19:24:44,866: INFO: common: created directory at: artifacts]
[2025-11-23 19:25:13,773: INFO: common: json file saved at: scores.json]
[2025-11-23 19:25:17,931: INFO: builder_impl: Assets written to: /tmp/tmpa3y1296b/model/data/model/assets]
[2025-11-23 19:25:49,515: INFO: builder_impl: Assets written to: /tmp/tmp6xjdiqmo/model/data/model/assets]
[2025-11-23 19:34:28,782: INFO: _internal: [31m[1mWARNING: This is a development server. Do not use it in a production deployment. Use a production WSGI server instead.[0m
 * Running on all addresses (0.0.0.0)
 * Running on http://127.0.0.1:8080
 * Running on http://192.168.0.107:8080]
[2025-11-23 19:34:28,783: INFO: _internal: [33mPress CTRL+C to quit[0m]
[2025-11-23 19:34:35,981: INFO: _internal: 127.0.0.1 - - [23/Nov/2025 19:34:35] "GET / HTTP/1.1" 200 -]
[2025-11-23 19:34:36,272: INFO: _internal: 127.0.0.1 - - [23/Nov/2025 19:34:36] "GET / HTTP/1.1" 200 -]
[2025-11-23 19:34:44,139: INFO: _internal: 127.0.0.1 - - [23/Nov/2025 19:34:44] "POST /predict HTTP/1.1" 200 -]
[2025-11-23 19:35:03,424: INFO: _internal: 127.0.0.1 - - [23/Nov/2025 19:35:03] "POST /predict HTTP/1.1" 200 -]
[2025-11-23 19:35:22,915: INFO: _internal: 127.0.0.1 - - [23/Nov/2025 19:35:22] "POST /predict HTTP/1.1" 200 -]
[2025-11-23 19:35:33,596: INFO: _internal: 127.0.0.1 - - [23/Nov/2025 19:35:33] "POST /predict HTTP/1.1" 200 -]
[2025-11-23 19:50:57,750: INFO: common: yaml file: config/config.yaml loaded successfully]
[2025-11-23 19:50:57,755: INFO: common: yaml file: params.yaml loaded successfully]
[2025-11-23 19:50:57,757: INFO: common: created directory at: artifacts]
[2025-11-23 19:51:27,944: INFO: common: json file saved at: scores.json]
[2025-11-23 19:51:32,949: INFO: builder_impl: Assets written to: /tmp/tmp7rcokwbk/model/data/model/assets]
[2025-11-23 19:53:14,948: INFO: common: yaml file: config/config.yaml loaded successfully]
[2025-11-23 19:53:14,954: INFO: common: yaml file: params.yaml loaded successfully]
[2025-11-23 19:53:14,956: INFO: common: created directory at: artifacts]
[2025-11-23 19:53:44,292: INFO: common: json file saved at: scores.json]
[2025-11-23 19:53:49,066: INFO: builder_impl: Assets written to: /tmp/tmpf0iwnn3c/model/data/model/assets]
[2025-11-23 19:57:55,680: INFO: common: yaml file: config/config.yaml loaded successfully]
[2025-11-23 19:57:55,686: INFO: common: yaml file: params.yaml loaded successfully]
[2025-11-23 19:57:55,687: INFO: common: created directory at: artifacts]
[2025-11-23 19:58:23,883: INFO: common: json file saved at: scores.json]
[2025-11-23 19:58:28,104: INFO: builder_impl: Assets written to: /tmp/tmpd5iiqlf3/model/data/model/assets]
[2025-11-23 19:59:20,213: INFO: builder_impl: Assets written to: /tmp/tmpkjzuky12/model/data/model/assets]
[2025-11-23 20:00:51,479: INFO: _internal: 127.0.0.1 - - [23/Nov/2025 20:00:51] "GET / HTTP/1.1" 200 -]
[2025-11-23 20:00:51,739: INFO: _internal: 127.0.0.1 - - [23/Nov/2025 20:00:51] "GET / HTTP/1.1" 200 -]
[2025-11-23 20:01:02,264: WARNING: polymorphic_function: 5 out of the last 5 calls to <function Model.make_predict_function.<locals>.predict_function at 0x7f8fac6b75e0> triggered tf.function retracing. Tracing is expensive and the excessive number of tracings could be due to (1) creating @tf.function repeatedly in a loop, (2) passing tensors with different shapes, (3) passing Python objects instead of tensors. For (1), please define your @tf.function outside of the loop. For (2), @tf.function has reduce_retracing=True option that can avoid unnecessary retracing. For (3), please refer to https://www.tensorflow.org/guide/function#controlling_retracing and https://www.tensorflow.org/api_docs/python/tf/function for  more details.]
[2025-11-23 20:01:02,267: INFO: _internal: 127.0.0.1 - - [23/Nov/2025 20:01:02] "POST /predict HTTP/1.1" 200 -]
[2025-11-23 20:06:21,362: INFO: common: yaml file: config/config.yaml loaded successfully]
[2025-11-23 20:06:21,367: INFO: common: yaml file: params.yaml loaded successfully]
[2025-11-23 20:06:21,368: INFO: common: created directory at: artifacts]
[2025-11-23 20:07:16,943: INFO: common: yaml file: config/config.yaml loaded successfully]
[2025-11-23 20:07:16,947: INFO: common: yaml file: params.yaml loaded successfully]
[2025-11-23 20:07:16,948: INFO: common: created directory at: artifacts]
[2025-11-23 20:07:59,016: INFO: common: yaml file: config/config.yaml loaded successfully]
[2025-11-23 20:07:59,020: INFO: common: yaml file: params.yaml loaded successfully]
[2025-11-23 20:07:59,022: INFO: common: created directory at: artifacts]
[2025-11-23 20:08:27,876: INFO: common: json file saved at: scores.json]
[2025-11-23 20:08:32,506: INFO: builder_impl: Assets written to: /tmp/tmp0ptnq5wn/model/data/model/assets]
[2025-11-23 20:08:39,955: INFO: common: yaml file: config/config.yaml loaded successfully]
[2025-11-23 20:08:39,960: INFO: common: yaml file: params.yaml loaded successfully]
[2025-11-23 20:08:39,961: INFO: common: created directory at: artifacts]
[2025-11-23 20:09:08,114: INFO: common: json file saved at: scores.json]
[2025-11-23 20:09:11,727: INFO: builder_impl: Assets written to: /tmp/tmpqsxfk920/model/data/model/assets]
[2025-11-23 20:09:48,574: INFO: builder_impl: Assets written to: /tmp/tmpj0v5o7vk/model/data/model/assets]
[2025-11-23 20:12:28,236: INFO: stage_01_data_ingestion: >>>>>> stage Data Ingestion stage started <<<<<<]
[2025-11-23 20:12:28,239: INFO: common: yaml file: config/config.yaml loaded successfully]
[2025-11-23 20:12:28,241: INFO: common: yaml file: params.yaml loaded successfully]
[2025-11-23 20:12:28,242: INFO: common: created directory at: artifacts]
[2025-11-23 20:12:28,242: INFO: common: created directory at: artifacts/data_ingestion]
[2025-11-23 20:12:28,242: INFO: data_ingestion: Downloading data from https://drive.google.com/file/d/1vlhZ5c7abUKF8xXERIw6m9Te8fW7ohw3/view?usp=sharing into file artifacts/data_ingestion/data.zip]
[2025-11-23 20:12:41,591: INFO: data_ingestion: Downloaded data from https://drive.google.com/file/d/1vlhZ5c7abUKF8xXERIw6m9Te8fW7ohw3/view?usp=sharing into file artifacts/data_ingestion/data.zip]
[2025-11-23 20:12:42,309: INFO: stage_01_data_ingestion: >>>>>> stage Data Ingestion stage completed <<<<<<

x==========x]
[2025-11-23 20:12:47,778: INFO: stage_02_prepare_base_model: *******************]
[2025-11-23 20:12:47,778: INFO: stage_02_prepare_base_model: >>>>>> stage Prepare base model started <<<<<<]
[2025-11-23 20:12:47,782: INFO: common: yaml file: config/config.yaml loaded successfully]
[2025-11-23 20:12:47,784: INFO: common: yaml file: params.yaml loaded successfully]
[2025-11-23 20:12:47,784: INFO: common: created directory at: artifacts]
[2025-11-23 20:12:47,784: INFO: common: created directory at: artifacts/prepare_base_model]
[2025-11-23 20:12:48,370: WARNING: saving_utils: Compiled the loaded model, but the compiled metrics have yet to be built. `model.compile_metrics` will be empty until you train or evaluate the model.]
[2025-11-23 20:12:48,656: INFO: stage_02_prepare_base_model: >>>>>> stage Prepare base model completed <<<<<<

x==========x]
[2025-11-23 20:12:53,742: INFO: stage_03_model_training: *******************]
[2025-11-23 20:12:53,742: INFO: stage_03_model_training: >>>>>> stage Training started <<<<<<]
[2025-11-23 20:12:53,745: INFO: common: yaml file: config/config.yaml loaded successfully]
[2025-11-23 20:12:53,748: INFO: common: yaml file: params.yaml loaded successfully]
[2025-11-23 20:12:53,749: INFO: common: created directory at: artifacts]
[2025-11-23 20:12:53,749: INFO: common: created directory at: artifacts/training]
[2025-11-23 20:15:35,406: INFO: stage_03_model_training: >>>>>> stage Training completed <<<<<<

x==========x]
[2025-11-23 20:15:41,250: INFO: stage_04_model_evaluation: *******************]
[2025-11-23 20:15:41,250: INFO: stage_04_model_evaluation: >>>>>> stage Evaluation stage started <<<<<<]
[2025-11-23 20:15:41,253: INFO: common: yaml file: config/config.yaml loaded successfully]
[2025-11-23 20:15:41,256: INFO: common: yaml file: params.yaml loaded successfully]
[2025-11-23 20:15:41,256: INFO: common: created directory at: artifacts]
[2025-11-23 20:16:07,811: INFO: common: json file saved at: scores.json]
[2025-11-23 20:16:07,811: INFO: common: json file saved at: scores.json]
[2025-11-23 20:16:07,811: INFO: stage_04_model_evaluation: >>>>>> stage Evaluation stage completed <<<<<<

x==========x]
[2025-11-23 20:16:24,892: INFO: _internal: [31m[1mWARNING: This is a development server. Do not use it in a production deployment. Use a production WSGI server instead.[0m
 * Running on all addresses (0.0.0.0)
 * Running on http://127.0.0.1:8080
 * Running on http://192.168.0.107:8080]
[2025-11-23 20:16:24,892: INFO: _internal: [33mPress CTRL+C to quit[0m]
[2025-11-23 20:16:29,675: INFO: _internal: 127.0.0.1 - - [23/Nov/2025 20:16:29] "GET / HTTP/1.1" 200 -]
[2025-11-23 20:16:29,951: INFO: _internal: 127.0.0.1 - - [23/Nov/2025 20:16:29] "GET / HTTP/1.1" 200 -]
[2025-11-23 20:16:39,161: INFO: _internal: 127.0.0.1 - - [23/Nov/2025 20:16:39] "POST /predict HTTP/1.1" 200 -]
[2025-11-23 20:16:53,031: INFO: _internal: 127.0.0.1 - - [23/Nov/2025 20:16:53] "POST /predict HTTP/1.1" 200 -]
[2025-11-23 20:18:52,846: INFO: _internal: 127.0.0.1 - - [23/Nov/2025 20:18:52] "POST /predict HTTP/1.1" 200 -]
[2025-11-23 20:19:36,785: INFO: _internal: 127.0.0.1 - - [23/Nov/2025 20:19:36] "POST /predict HTTP/1.1" 200 -]
